{"level":"info","message":"Server running on port 5000","service":"library-service","timestamp":"2026-04-12 18:29:36"}
{"level":"info","message":"Master Database connected successfully","service":"library-service","timestamp":"2026-04-12 18:29:39"}
{"level":"info","message":"Server running on port 5000","service":"library-service","timestamp":"2026-04-12 18:29:40"}
{"level":"info","message":"Master Database connected successfully","service":"library-service","timestamp":"2026-04-12 18:29:41"}
{"level":"info","message":"Server running on port 5000","service":"library-service","timestamp":"2026-04-12 18:29:42"}
{"level":"info","message":"Master Database connected successfully","service":"library-service","timestamp":"2026-04-12 18:29:44"}
{"level":"info","message":"Server running on port 5000","service":"library-service","timestamp":"2026-04-12 18:30:17"}
{"level":"info","message":"Master Database connected successfully","service":"library-service","timestamp":"2026-04-12 18:30:21"}
{"level":"info","message":"Server running on port 5000","service":"library-service","timestamp":"2026-04-12 18:34:07"}
{"level":"info","message":"Server running on port 5000","service":"library-service","timestamp":"2026-04-12 18:34:10"}
{"level":"info","message":"Master Database connected successfully","service":"library-service","timestamp":"2026-04-12 18:34:20"}
{"kind":"ObjectId","level":"error","message":"Tenant connection error: Cast to ObjectId failed for value \"central-lib\" (type string) at path \"_id\" for model \"Tenant\"","path":"_id","reason":{},"service":"library-service","stack":"CastError: Cast to ObjectId failed for value \"central-lib\" (type string) at path \"_id\" for model \"Tenant\"\n    at ObjectId.cast (/home/owaiseeee/library-multitenant/backend/node_modules/mongoose/lib/schema/objectid.js:250:11)\n    at SchemaType.applySetters (/home/owaiseeee/library-multitenant/backend/node_modules/mongoose/lib/schematype.js:1219:12)\n    at SchemaType.castForQuery (/home/owaiseeee/library-multitenant/backend/node_modules/mongoose/lib/schematype.js:1633:15)\n    at cast (/home/owaiseeee/library-multitenant/backend/node_modules/mongoose/lib/cast.js:389:32)\n    at Query.cast (/home/owaiseeee/library-multitenant/backend/node_modules/mongoose/lib/query.js:4927:12)\n    at Query._castConditions (/home/owaiseeee/library-multitenant/backend/node_modules/mongoose/lib/query.js:2237:10)\n    at model.Query._findOne (/home/owaiseeee/library-multitenant/backend/node_modules/mongoose/lib/query.js:2533:8)\n    at model.Query.exec (/home/owaiseeee/library-multitenant/backend/node_modules/mongoose/lib/query.js:4447:28)\n    at process.processTicksAndRejections (node:internal/process/task_queues:103:5)\n    at async getTenantConnection (file:///home/owaiseeee/library-multitenant/backend/src/middleware/tenant.js:12:18)","stringValue":"\"central-lib\"","timestamp":"2026-04-12 18:47:40","value":"central-lib","valueType":"string"}
{"kind":"ObjectId","level":"error","message":"Tenant connection error: Cast to ObjectId failed for value \"central-lib\" (type string) at path \"_id\" for model \"Tenant\"","path":"_id","reason":{},"service":"library-service","stack":"CastError: Cast to ObjectId failed for value \"central-lib\" (type string) at path \"_id\" for model \"Tenant\"\n    at ObjectId.cast (/home/owaiseeee/library-multitenant/backend/node_modules/mongoose/lib/schema/objectid.js:250:11)\n    at SchemaType.applySetters (/home/owaiseeee/library-multitenant/backend/node_modules/mongoose/lib/schematype.js:1219:12)\n    at SchemaType.castForQuery (/home/owaiseeee/library-multitenant/backend/node_modules/mongoose/lib/schematype.js:1633:15)\n    at cast (/home/owaiseeee/library-multitenant/backend/node_modules/mongoose/lib/cast.js:389:32)\n    at Query.cast (/home/owaiseeee/library-multitenant/backend/node_modules/mongoose/lib/query.js:4927:12)\n    at Query._castConditions (/home/owaiseeee/library-multitenant/backend/node_modules/mongoose/lib/query.js:2237:10)\n    at model.Query._findOne (/home/owaiseeee/library-multitenant/backend/node_modules/mongoose/lib/query.js:2533:8)\n    at model.Query.exec (/home/owaiseeee/library-multitenant/backend/node_modules/mongoose/lib/query.js:4447:28)\n    at process.processTicksAndRejections (node:internal/process/task_queues:103:5)\n    at async getTenantConnection (file:///home/owaiseeee/library-multitenant/backend/src/middleware/tenant.js:12:18)","stringValue":"\"central-lib\"","timestamp":"2026-04-12 18:47:42","value":"central-lib","valueType":"string"}
{"level":"info","message":"Server running on port 5000","service":"library-service","timestamp":"2026-04-12 18:51:10"}
{"level":"info","message":"Master Database connected successfully","service":"library-service","timestamp":"2026-04-12 18:51:19"}
{"level":"info","message":"Server running on port 5000","service":"library-service","timestamp":"2026-04-12 18:51:51"}
{"level":"info","message":"Master Database connected successfully","service":"library-service","timestamp":"2026-04-12 18:51:53"}
{"level":"info","message":"Server running on port 5000","service":"library-service","timestamp":"2026-04-12 18:52:00"}
{"level":"info","message":"Master Database connected successfully","service":"library-service","timestamp":"2026-04-12 18:52:01"}
{"level":"info","message":"Server running on port 5000","service":"library-service","timestamp":"2026-04-12 18:52:19"}
{"level":"info","message":"Master Database connected successfully","service":"library-service","timestamp":"2026-04-12 18:52:22"}
{"level":"info","message":"Server running on port 5000","service":"library-service","timestamp":"2026-04-12 18:52:25"}
{"level":"info","message":"Master Database connected successfully","service":"library-service","timestamp":"2026-04-12 18:52:26"}
{"level":"info","message":"Server running on port 5000","service":"library-service","timestamp":"2026-04-12 18:52:31"}
{"level":"info","message":"Server running on port 5000","service":"library-service","timestamp":"2026-04-12 18:52:33"}
{"level":"info","message":"Master Database connected successfully","service":"library-service","timestamp":"2026-04-12 18:52:34"}
{"level":"info","message":"Server running on port 5000","service":"library-service","timestamp":"2026-04-12 18:58:21"}
{"level":"info","message":"Master Database connected successfully","service":"library-service","timestamp":"2026-04-12 18:58:22"}
{"level":"info","message":"Server running on port 5000","service":"library-service","timestamp":"2026-04-12 18:58:24"}
{"level":"info","message":"Master Database connected successfully","service":"library-service","timestamp":"2026-04-12 18:58:25"}
{"kind":"ObjectId","level":"error","message":"Tenant connection error: Cast to ObjectId failed for value \"central-lib\" (type string) at path \"_id\" for model \"Tenant\"","path":"_id","reason":{},"service":"library-service","stack":"CastError: Cast to ObjectId failed for value \"central-lib\" (type string) at path \"_id\" for model \"Tenant\"\n    at ObjectId.cast (/home/owaiseeee/library-multitenant/backend/node_modules/mongoose/lib/schema/objectid.js:250:11)\n    at SchemaType.applySetters (/home/owaiseeee/library-multitenant/backend/node_modules/mongoose/lib/schematype.js:1219:12)\n    at SchemaType.castForQuery (/home/owaiseeee/library-multitenant/backend/node_modules/mongoose/lib/schematype.js:1633:15)\n    at cast (/home/owaiseeee/library-multitenant/backend/node_modules/mongoose/lib/cast.js:389:32)\n    at Query.cast (/home/owaiseeee/library-multitenant/backend/node_modules/mongoose/lib/query.js:4927:12)\n    at Query._castConditions (/home/owaiseeee/library-multitenant/backend/node_modules/mongoose/lib/query.js:2237:10)\n    at model.Query._findOne (/home/owaiseeee/library-multitenant/backend/node_modules/mongoose/lib/query.js:2533:8)\n    at model.Query.exec (/home/owaiseeee/library-multitenant/backend/node_modules/mongoose/lib/query.js:4447:28)\n    at process.processTicksAndRejections (node:internal/process/task_queues:103:5)\n    at async getTenantConnection (file:///home/owaiseeee/library-multitenant/backend/src/middleware/tenant.js:12:18)","stringValue":"\"central-lib\"","timestamp":"2026-04-12 18:59:37","value":"central-lib","valueType":"string"}
{"level":"info","message":"Server running on port 5000","service":"library-service","timestamp":"2026-04-12 19:00:39"}
{"level":"info","message":"Master Database connected successfully","service":"library-service","timestamp":"2026-04-12 19:00:55"}
{"level":"info","message":"Server running on port 5000","service":"library-service","timestamp":"2026-04-12 19:01:04"}
{"level":"info","message":"Master Database connected successfully","service":"library-service","timestamp":"2026-04-12 19:01:18"}
{"kind":"ObjectId","level":"error","message":"Tenant connection error: Cast to ObjectId failed for value \"central-lib\" (type string) at path \"_id\" for model \"Tenant\"","path":"_id","reason":{},"service":"library-service","stack":"CastError: Cast to ObjectId failed for value \"central-lib\" (type string) at path \"_id\" for model \"Tenant\"\n    at ObjectId.cast (/home/owaiseeee/library-multitenant/backend/node_modules/mongoose/lib/schema/objectid.js:250:11)\n    at SchemaType.applySetters (/home/owaiseeee/library-multitenant/backend/node_modules/mongoose/lib/schematype.js:1219:12)\n    at SchemaType.castForQuery (/home/owaiseeee/library-multitenant/backend/node_modules/mongoose/lib/schematype.js:1633:15)\n    at cast (/home/owaiseeee/library-multitenant/backend/node_modules/mongoose/lib/cast.js:389:32)\n    at Query.cast (/home/owaiseeee/library-multitenant/backend/node_modules/mongoose/lib/query.js:4927:12)\n    at Query._castConditions (/home/owaiseeee/library-multitenant/backend/node_modules/mongoose/lib/query.js:2237:10)\n    at model.Query._findOne (/home/owaiseeee/library-multitenant/backend/node_modules/mongoose/lib/query.js:2533:8)\n    at model.Query.exec (/home/owaiseeee/library-multitenant/backend/node_modules/mongoose/lib/query.js:4447:28)\n    at process.processTicksAndRejections (node:internal/process/task_queues:103:5)\n    at async getTenantConnection (file:///home/owaiseeee/library-multitenant/backend/src/middleware/tenant.js:12:18)","stringValue":"\"central-lib\"","timestamp":"2026-04-12 19:01:41","value":"central-lib","valueType":"string"}
{"kind":"ObjectId","level":"error","message":"Tenant connection error: Cast to ObjectId failed for value \"central-lib\" (type string) at path \"_id\" for model \"Tenant\"","path":"_id","reason":{},"service":"library-service","stack":"CastError: Cast to ObjectId failed for value \"central-lib\" (type string) at path \"_id\" for model \"Tenant\"\n    at ObjectId.cast (/home/owaiseeee/library-multitenant/backend/node_modules/mongoose/lib/schema/objectid.js:250:11)\n    at SchemaType.applySetters (/home/owaiseeee/library-multitenant/backend/node_modules/mongoose/lib/schematype.js:1219:12)\n    at SchemaType.castForQuery (/home/owaiseeee/library-multitenant/backend/node_modules/mongoose/lib/schematype.js:1633:15)\n    at cast (/home/owaiseeee/library-multitenant/backend/node_modules/mongoose/lib/cast.js:389:32)\n    at Query.cast (/home/owaiseeee/library-multitenant/backend/node_modules/mongoose/lib/query.js:4927:12)\n    at Query._castConditions (/home/owaiseeee/library-multitenant/backend/node_modules/mongoose/lib/query.js:2237:10)\n    at model.Query._findOne (/home/owaiseeee/library-multitenant/backend/node_modules/mongoose/lib/query.js:2533:8)\n    at model.Query.exec (/home/owaiseeee/library-multitenant/backend/node_modules/mongoose/lib/query.js:4447:28)\n    at process.processTicksAndRejections (node:internal/process/task_queues:103:5)\n    at async getTenantConnection (file:///home/owaiseeee/library-multitenant/backend/src/middleware/tenant.js:12:18)","stringValue":"\"central-lib\"","timestamp":"2026-04-12 19:02:09","value":"central-lib","valueType":"string"}
{"level":"info","message":"Server running on port 5000","service":"library-service","timestamp":"2026-04-12 19:02:21"}
{"level":"info","message":"Master Database connected successfully","service":"library-service","timestamp":"2026-04-12 19:02:23"}
{"level":"error","message":"Tenant connection error: Tenant not found","service":"library-service","stack":"Error: Tenant not found\n    at getTenantConnection (file:///home/owaiseeee/library-multitenant/backend/src/middleware/tenant.js:20:11)\n    at process.processTicksAndRejections (node:internal/process/task_queues:103:5)\n    at async tenantHandler (file:///home/owaiseeee/library-multitenant/backend/src/middleware/tenant.js:55:24)","timestamp":"2026-04-12 19:02:26"}
{"level":"error","message":"Tenant connection error: Tenant not found","service":"library-service","stack":"Error: Tenant not found\n    at getTenantConnection (file:///home/owaiseeee/library-multitenant/backend/src/middleware/tenant.js:20:11)\n    at process.processTicksAndRejections (node:internal/process/task_queues:103:5)\n    at async tenantHandler (file:///home/owaiseeee/library-multitenant/backend/src/middleware/tenant.js:55:24)","timestamp":"2026-04-12 19:02:27"}
{"level":"error","message":"Tenant connection error: Tenant not found","service":"library-service","stack":"Error: Tenant not found\n    at getTenantConnection (file:///home/owaiseeee/library-multitenant/backend/src/middleware/tenant.js:20:11)\n    at process.processTicksAndRejections (node:internal/process/task_queues:103:5)\n    at async tenantHandler (file:///home/owaiseeee/library-multitenant/backend/src/middleware/tenant.js:55:24)","timestamp":"2026-04-12 19:02:27"}
{"level":"info","message":"Server running on port 5000","service":"library-service","timestamp":"2026-04-12 19:02:28"}
{"level":"info","message":"Master Database connected successfully","service":"library-service","timestamp":"2026-04-12 19:02:30"}
{"level":"info","message":"Server running on port 5000","service":"library-service","timestamp":"2026-04-12 19:02:44"}
{"level":"info","message":"Master Database connected successfully","service":"library-service","timestamp":"2026-04-12 19:02:49"}
{"level":"error","message":"Tenant connection error: Tenant not found","service":"library-service","stack":"Error: Tenant not found\n    at getTenantConnection (file:///home/owaiseeee/library-multitenant/backend/src/middleware/tenant.js:20:11)\n    at process.processTicksAndRejections (node:internal/process/task_queues:103:5)\n    at async tenantHandler (file:///home/owaiseeee/library-multitenant/backend/src/middleware/tenant.js:55:24)","timestamp":"2026-04-12 19:03:09"}
{"level":"error","message":"Tenant connection error: Tenant not found","service":"library-service","stack":"Error: Tenant not found\n    at getTenantConnection (file:///home/owaiseeee/library-multitenant/backend/src/middleware/tenant.js:20:11)\n    at process.processTicksAndRejections (node:internal/process/task_queues:103:5)\n    at async tenantHandler (file:///home/owaiseeee/library-multitenant/backend/src/middleware/tenant.js:55:24)","timestamp":"2026-04-12 19:03:16"}
{"level":"error","message":"Tenant connection error: Tenant not found","service":"library-service","stack":"Error: Tenant not found\n    at getTenantConnection (file:///home/owaiseeee/library-multitenant/backend/src/middleware/tenant.js:20:11)\n    at process.processTicksAndRejections (node:internal/process/task_queues:103:5)\n    at async tenantHandler (file:///home/owaiseeee/library-multitenant/backend/src/middleware/tenant.js:55:24)","timestamp":"2026-04-12 19:03:38"}
{"level":"error","message":"Tenant connection error: Tenant not found","service":"library-service","stack":"Error: Tenant not found\n    at getTenantConnection (file:///home/owaiseeee/library-multitenant/backend/src/middleware/tenant.js:20:11)\n    at process.processTicksAndRejections (node:internal/process/task_queues:103:5)\n    at async tenantHandler (file:///home/owaiseeee/library-multitenant/backend/src/middleware/tenant.js:55:24)","timestamp":"2026-04-12 19:04:23"}
{"level":"info","message":"Server running on port 5000","service":"library-service","timestamp":"2026-04-12 19:05:03"}
{"level":"info","message":"Master Database connected successfully","service":"library-service","timestamp":"2026-04-12 19:05:22"}
{"level":"info","message":"Server running on port 5000","service":"library-service","timestamp":"2026-04-12 19:09:05"}
{"level":"info","message":"Server running on port 5000","service":"library-service","timestamp":"2026-04-12 19:09:07"}
{"level":"info","message":"Server running on port 5000","service":"library-service","timestamp":"2026-04-12 19:09:16"}
{"level":"info","message":"Master Database connected successfully","service":"library-service","timestamp":"2026-04-12 19:09:21"}
{"level":"info","message":"Server running on port 5000","service":"library-service","timestamp":"2026-04-12 19:09:33"}
{"level":"info","message":"Server running on port 5000","service":"library-service","timestamp":"2026-04-12 19:09:40"}
{"level":"info","message":"Master Database connected successfully","service":"library-service","timestamp":"2026-04-12 19:09:45"}
{"level":"info","message":"Server running on port 5000","service":"library-service","timestamp":"2026-04-12 19:09:50"}
{"level":"info","message":"Master Database connected successfully","service":"library-service","timestamp":"2026-04-12 19:09:53"}
{"level":"info","message":"Server running on port 5000","service":"library-service","timestamp":"2026-04-12 19:10:01"}
{"level":"info","message":"Server running on port 5000","service":"library-service","timestamp":"2026-04-12 19:10:12"}
{"level":"info","message":"Master Database connected successfully","service":"library-service","timestamp":"2026-04-12 19:10:23"}
{"level":"info","message":"Server running on port 5000","service":"library-service","timestamp":"2026-04-12 19:10:25"}
{"level":"info","message":"Master Database connected successfully","service":"library-service","timestamp":"2026-04-12 19:10:36"}
{"level":"info","message":"Server running on port 5000","service":"library-service","timestamp":"2026-04-12 19:10:37"}
{"level":"info","message":"Master Database connected successfully","service":"library-service","timestamp":"2026-04-12 19:10:40"}
{"level":"info","message":"Server running on port 5000","service":"library-service","timestamp":"2026-04-12 19:10:45"}
{"level":"info","message":"Master Database connected successfully","service":"library-service","timestamp":"2026-04-12 19:10:47"}
{"level":"info","message":"Server running on port 5000","service":"library-service","timestamp":"2026-04-12 19:10:52"}
{"level":"info","message":"Master Database connected successfully","service":"library-service","timestamp":"2026-04-12 19:10:53"}
{"level":"info","message":"Server running on port 5000","service":"library-service","timestamp":"2026-04-12 19:11:00"}
{"level":"info","message":"Master Database connected successfully","service":"library-service","timestamp":"2026-04-12 19:11:01"}
{"level":"info","message":"Server running on port 5000","service":"library-service","timestamp":"2026-04-12 19:11:13"}
{"level":"info","message":"Master Database connected successfully","service":"library-service","timestamp":"2026-04-12 19:11:21"}
{"level":"info","message":"Server running on port 5000","service":"library-service","timestamp":"2026-04-12 19:11:29"}
{"level":"info","message":"Master Database connected successfully","service":"library-service","timestamp":"2026-04-12 19:11:30"}
{"level":"info","message":"Server running on port 5000","service":"library-service","timestamp":"2026-04-12 19:11:41"}
{"level":"info","message":"Master Database connected successfully","service":"library-service","timestamp":"2026-04-12 19:11:52"}
{"level":"info","message":"Server running on port 5000","service":"library-service","timestamp":"2026-04-12 19:11:53"}
{"level":"info","message":"Master Database connected successfully","service":"library-service","timestamp":"2026-04-12 19:11:56"}
{"level":"info","message":"Server running on port 5000","service":"library-service","timestamp":"2026-04-12 19:15:10"}
{"level":"info","message":"Server running on port 5000","service":"library-service","timestamp":"2026-04-12 19:15:12"}
{"level":"info","message":"Master Database connected successfully","service":"library-service","timestamp":"2026-04-12 19:15:23"}
{"level":"info","message":"Server running on port 5000","service":"library-service","timestamp":"2026-04-12 19:29:56"}
{"level":"info","message":"Master Database connected successfully","service":"library-service","timestamp":"2026-04-12 19:29:59"}
{"level":"info","message":"Server running on port 5000","service":"library-service","timestamp":"2026-04-12 19:30:09"}
{"level":"info","message":"Server running on port 5000","service":"library-service","timestamp":"2026-04-12 19:30:14"}
{"level":"info","message":"Master Database connected successfully","service":"library-service","timestamp":"2026-04-12 19:30:20"}
{"level":"info","message":"Server running on port 5000","service":"library-service","timestamp":"2026-04-12 19:31:27"}
{"level":"info","message":"Master Database connected successfully","service":"library-service","timestamp":"2026-04-12 19:31:28"}
{"level":"info","message":"Server running on port 5000","service":"library-service","timestamp":"2026-04-12 19:32:33"}
{"level":"info","message":"Master Database connected successfully","service":"library-service","timestamp":"2026-04-12 19:32:34"}
{"level":"info","message":"Server running on port 5000","service":"library-service","timestamp":"2026-04-12 19:32:38"}
{"level":"info","message":"Master Database connected successfully","service":"library-service","timestamp":"2026-04-12 19:32:41"}
{"level":"info","message":"Server running on port 5000","service":"library-service","timestamp":"2026-04-12 19:34:30"}
{"level":"info","message":"Master Database connected successfully","service":"library-service","timestamp":"2026-04-12 19:34:32"}
{"level":"info","message":"Server running on port 5000","service":"library-service","timestamp":"2026-04-12 19:34:38"}
{"level":"info","message":"Master Database connected successfully","service":"library-service","timestamp":"2026-04-12 19:34:39"}
{"level":"info","message":"Server running on port 5000","service":"library-service","timestamp":"2026-04-12 19:34:48"}
{"level":"info","message":"Master Database connected successfully","service":"library-service","timestamp":"2026-04-12 19:34:50"}
{"level":"info","message":"Server running on port 5000","service":"library-service","timestamp":"2026-04-12 19:35:00"}
{"level":"info","message":"Master Database connected successfully","service":"library-service","timestamp":"2026-04-12 19:35:01"}
{"level":"info","message":"Server running on port 5000","service":"library-service","timestamp":"2026-04-12 19:35:25"}
{"level":"info","message":"Master Database connected successfully","service":"library-service","timestamp":"2026-04-12 19:35:27"}
{"level":"info","message":"Server running on port 5000","service":"library-service","timestamp":"2026-04-12 19:35:44"}
{"level":"info","message":"Master Database connected successfully","service":"library-service","timestamp":"2026-04-12 19:35:45"}
{"level":"info","message":"Server running on port 5000","service":"library-service","timestamp":"2026-04-12 19:36:05"}
{"level":"info","message":"Master Database connected successfully","service":"library-service","timestamp":"2026-04-12 19:36:10"}
{"level":"info","message":"Server running on port 5000","service":"library-service","timestamp":"2026-04-12 19:37:43"}
{"level":"info","message":"Master Database connected successfully","service":"library-service","timestamp":"2026-04-12 19:37:44"}
{"level":"info","message":"Server running on port 5000","service":"library-service","timestamp":"2026-04-12 19:48:28"}
{"level":"info","message":"Master Database connected successfully","service":"library-service","timestamp":"2026-04-12 19:48:30"}
{"level":"info","message":"Server running on port 5000","service":"library-service","timestamp":"2026-04-12 19:48:39"}
{"level":"info","message":"Master Database connected successfully","service":"library-service","timestamp":"2026-04-12 19:48:40"}
{"level":"info","message":"Server running on port 5000","service":"library-service","timestamp":"2026-04-12 19:49:49"}
{"level":"info","message":"Master Database connected successfully","service":"library-service","timestamp":"2026-04-12 19:49:51"}
{"level":"info","message":"Server running on port 5000","service":"library-service","timestamp":"2026-04-12 19:58:28"}
{"level":"info","message":"Master Database connected successfully","service":"library-service","timestamp":"2026-04-12 19:58:29"}
{"level":"info","message":"Server running on port 5000","service":"library-service","timestamp":"2026-04-12 20:12:02"}
{"level":"info","message":"Server running on port 5000","service":"library-service","timestamp":"2026-04-12 20:12:11"}
{"level":"info","message":"Server running on port 5000","service":"library-service","timestamp":"2026-04-12 20:12:18"}
{"level":"info","message":"Master Database connected successfully","service":"library-service","timestamp":"2026-04-12 20:12:20"}
{"level":"info","message":"Server running on port 5000","service":"library-service","timestamp":"2026-04-12 20:22:21"}
{"level":"info","message":"Master Database connected successfully","service":"library-service","timestamp":"2026-04-12 20:22:22"}
{"level":"info","message":"Server running on port 5000","service":"library-service","timestamp":"2026-04-12 20:23:11"}
{"level":"info","message":"Master Database connected successfully","service":"library-service","timestamp":"2026-04-12 20:23:19"}
{"level":"info","message":"Server running on port 5000","service":"library-service","timestamp":"2026-04-12 20:26:30"}
{"level":"info","message":"Master Database connected successfully","service":"library-service","timestamp":"2026-04-12 20:26:31"}
{"level":"info","message":"Server running on port 5000","service":"library-service","timestamp":"2026-04-12 20:39:14"}
{"level":"info","message":"Master Database connected successfully","service":"library-service","timestamp":"2026-04-12 20:39:23"}
{"level":"info","message":"Server running on port 5000","service":"library-service","timestamp":"2026-04-12 20:39:32"}
{"level":"info","message":"Master Database connected successfully","service":"library-service","timestamp":"2026-04-12 20:39:35"}
{"level":"info","message":"Server running on port 5000","service":"library-service","timestamp":"2026-04-12 20:39:39"}
{"level":"info","message":"Master Database connected successfully","service":"library-service","timestamp":"2026-04-12 20:39:40"}
{"level":"info","message":"Server running on port 5000","service":"library-service","timestamp":"2026-04-12 20:39:53"}
{"level":"info","message":"Master Database connected successfully","service":"library-service","timestamp":"2026-04-12 20:39:57"}
{"level":"info","message":"Server running on port 5000","service":"library-service","timestamp":"2026-04-12 20:40:02"}
{"level":"info","message":"Master Database connected successfully","service":"library-service","timestamp":"2026-04-12 20:40:17"}
{"level":"info","message":"Server running on port 5000","service":"library-service","timestamp":"2026-04-12 20:40:56"}
{"level":"info","message":"Master Database connected successfully","service":"library-service","timestamp":"2026-04-12 20:40:58"}
{"level":"info","message":"Server running on port 5000","service":"library-service","timestamp":"2026-04-12 20:41:13"}
{"level":"info","message":"Master Database connected successfully","service":"library-service","timestamp":"2026-04-12 20:41:20"}
{"level":"info","message":"Server running on port 5000","service":"library-service","timestamp":"2026-04-12 20:41:39"}
{"level":"info","message":"Master Database connected successfully","service":"library-service","timestamp":"2026-04-12 20:41:44"}
{"level":"info","message":"Server running on port 5000","service":"library-service","timestamp":"2026-04-12 20:54:48"}
{"level":"info","message":"Master Database connected successfully","service":"library-service","timestamp":"2026-04-12 20:54:52"}
{"level":"info","message":"Server running on port 5000","service":"library-service","timestamp":"2026-04-12 20:55:11"}
{"level":"info","message":"Master Database connected successfully","service":"library-service","timestamp":"2026-04-12 20:55:19"}
{"level":"info","message":"Server running on port 5000","service":"library-service","timestamp":"2026-04-12 21:09:09"}
{"level":"info","message":"Server running on port 5000","service":"library-service","timestamp":"2026-04-12 21:09:18"}
{"level":"info","message":"Master Database connected successfully","service":"library-service","timestamp":"2026-04-12 21:09:20"}
{"level":"info","message":"Server running on port 5000","service":"library-service","timestamp":"2026-04-12 21:09:32"}
{"level":"info","message":"Master Database connected successfully","service":"library-service","timestamp":"2026-04-12 21:09:36"}
{"level":"info","message":"Server running on port 5000","service":"library-service","timestamp":"2026-04-12 21:10:06"}
{"level":"info","message":"Server running on port 5000","service":"library-service","timestamp":"2026-04-12 21:10:18"}
{"level":"info","message":"Master Database connected successfully","service":"library-service","timestamp":"2026-04-12 21:10:22"}
{"level":"info","message":"Server running on port 5000","service":"library-service","timestamp":"2026-04-12 21:10:30"}
{"level":"info","message":"Master Database connected successfully","service":"library-service","timestamp":"2026-04-12 21:10:32"}
{"level":"info","message":"Server running on port 5000","service":"library-service","timestamp":"2026-04-12 21:11:13"}
{"level":"info","message":"Master Database connected successfully","service":"library-service","timestamp":"2026-04-12 21:11:19"}
{"level":"info","message":"Server running on port 5000","service":"library-service","timestamp":"2026-04-12 21:11:28"}
{"level":"info","message":"Master Database connected successfully","service":"library-service","timestamp":"2026-04-12 21:11:29"}
{"level":"info","message":"Server running on port 5000","service":"library-service","timestamp":"2026-04-12 21:11:43"}
{"level":"info","message":"Master Database connected successfully","service":"library-service","timestamp":"2026-04-12 21:11:44"}
{"level":"info","message":"Server running on port 5000","service":"library-service","timestamp":"2026-04-12 21:12:13"}
{"level":"info","message":"Master Database connected successfully","service":"library-service","timestamp":"2026-04-12 21:12:18"}
{"level":"info","message":"Server running on port 5000","service":"library-service","timestamp":"2026-04-12 21:12:32"}
{"level":"info","message":"Master Database connected successfully","service":"library-service","timestamp":"2026-04-12 21:12:34"}
{"level":"info","message":"Server running on port 5000","service":"library-service","timestamp":"2026-04-12 21:12:45"}
{"level":"info","message":"Master Database connected successfully","service":"library-service","timestamp":"2026-04-12 21:12:47"}
{"level":"info","message":"Server running on port 5000","service":"library-service","timestamp":"2026-04-12 21:16:46"}
{"level":"info","message":"Master Database connected successfully","service":"library-service","timestamp":"2026-04-12 21:16:47"}
{"level":"info","message":"Server running on port 5000","service":"library-service","timestamp":"2026-04-12 21:17:12"}
{"level":"info","message":"Master Database connected successfully","service":"library-service","timestamp":"2026-04-12 21:17:20"}
{"level":"info","message":"Server running on port 5000","service":"library-service","timestamp":"2026-04-12 21:21:30"}
{"level":"info","message":"Master Database connected successfully","service":"library-service","timestamp":"2026-04-12 21:21:31"}
{"level":"info","message":"Server running on port 5000","service":"library-service","timestamp":"2026-04-12 21:22:43"}
{"level":"info","message":"Master Database connected successfully","service":"library-service","timestamp":"2026-04-12 21:22:44"}
{"level":"info","message":"Server running on port 5000","service":"library-service","timestamp":"2026-04-12 21:25:05"}
{"level":"info","message":"Master Database connected successfully","service":"library-service","timestamp":"2026-04-12 21:25:18"}
{"level":"info","message":"Server running on port 5000","service":"library-service","timestamp":"2026-04-12 21:25:32"}
{"level":"info","message":"Master Database connected successfully","service":"library-service","timestamp":"2026-04-12 21:25:33"}
{"level":"info","message":"Server running on port 5000","service":"library-service","timestamp":"2026-04-12 21:26:42"}
{"level":"info","message":"Master Database connected successfully","service":"library-service","timestamp":"2026-04-12 21:26:42"}
{"level":"info","message":"Server running on port 5000","service":"library-service","timestamp":"2026-04-12 21:28:08"}
{"level":"info","message":"Master Database connected successfully","service":"library-service","timestamp":"2026-04-12 21:28:19"}
{"level":"info","message":"Server running on port 5000","service":"library-service","timestamp":"2026-04-12 21:29:26"}
{"level":"info","message":"Master Database connected successfully","service":"library-service","timestamp":"2026-04-12 21:29:26"}
{"level":"info","message":"Server running on port 5000","service":"library-service","timestamp":"2026-04-12 21:30:38"}
{"level":"info","message":"Master Database connected successfully","service":"library-service","timestamp":"2026-04-12 21:30:38"}
{"level":"info","message":"Server running on port 5000","service":"library-service","timestamp":"2026-04-12 21:30:41"}
{"level":"info","message":"Master Database connected successfully","service":"library-service","timestamp":"2026-04-12 21:30:43"}
{"level":"info","message":"Server running on port 5000","service":"library-service","timestamp":"2026-04-12 21:32:13"}
{"level":"info","message":"Master Database connected successfully","service":"library-service","timestamp":"2026-04-12 21:32:18"}
{"level":"info","message":"Server running on port 3245","service":"library-service","timestamp":"2026-04-12 21:32:31"}
{"level":"info","message":"Master Database connected successfully","service":"library-service","timestamp":"2026-04-12 21:32:32"}
{"level":"info","message":"Server running on port 3245","service":"library-service","timestamp":"2026-04-12 21:32:34"}
{"level":"info","message":"Master Database connected successfully","service":"library-service","timestamp":"2026-04-12 21:32:35"}
{"level":"info","message":"Server running on port 3245","service":"library-service","timestamp":"2026-04-12 21:33:11"}
{"level":"info","message":"Master Database connected successfully","service":"library-service","timestamp":"2026-04-12 21:33:21"}
{"level":"info","message":"Server running on port 3245","service":"library-service","timestamp":"2026-04-12 21:35:00"}
{"level":"info","message":"Master Database connected successfully","service":"library-service","timestamp":"2026-04-12 21:35:01"}
{"level":"info","message":"Server running on port 3245","service":"library-service","timestamp":"2026-04-12 21:35:27"}
{"level":"info","message":"Master Database connected successfully","service":"library-service","timestamp":"2026-04-12 21:35:31"}
{"level":"info","message":"Server running on port 3245","service":"library-service","timestamp":"2026-04-12 21:36:05"}
{"level":"info","message":"Master Database connected successfully","service":"library-service","timestamp":"2026-04-12 21:36:16"}
{"level":"error","message":"UNHANDLED REJECTION! Shutting down...","service":"library-service","timestamp":"2026-04-12 21:36:38"}
{"http_code":401,"level":"error","message":"Invalid cloud_name owaiseeee","name":"Error","service":"library-service","timestamp":"2026-04-12 21:36:38"}
{"level":"error","message":"UNHANDLED REJECTION! Shutting down...","service":"library-service","timestamp":"2026-04-12 21:36:41"}
{"http_code":401,"level":"error","message":"Invalid cloud_name owaiseeee","name":"Error","service":"library-service","timestamp":"2026-04-12 21:36:41"}
{"level":"info","message":"Server running on port 3245","service":"library-service","timestamp":"2026-04-12 21:36:53"}
{"level":"info","message":"Master Database connected successfully","service":"library-service","timestamp":"2026-04-12 21:36:59"}
{"level":"info","message":"Server running on port 3245","service":"library-service","timestamp":"2026-04-12 21:37:36"}
{"level":"info","message":"Master Database connected successfully","service":"library-service","timestamp":"2026-04-12 21:37:37"}
{"level":"info","message":"Server running on port 3245","service":"library-service","timestamp":"2026-04-13 17:44:09"}
{"level":"info","message":"Master Database connected successfully","service":"library-service","timestamp":"2026-04-13 17:44:16"}
{"level":"info","message":"Server running on port 3245","service":"library-service","timestamp":"2026-04-13 17:52:48"}
{"level":"info","message":"Master Database connected successfully","service":"library-service","timestamp":"2026-04-13 17:52:50"}
{"level":"info","message":"Server running on port 3245","service":"library-service","timestamp":"2026-04-13 17:58:22"}
{"level":"info","message":"Master Database connected successfully","service":"library-service","timestamp":"2026-04-13 17:58:23"}
{"level":"info","message":"Server running on port 3245","service":"library-service","timestamp":"2026-04-13 17:58:50"}
{"level":"info","message":"Master Database connected successfully","service":"library-service","timestamp":"2026-04-13 17:58:51"}
{"level":"info","message":"Server running on port 3245","service":"library-service","timestamp":"2026-04-13 17:59:09"}
{"level":"info","message":"Master Database connected successfully","service":"library-service","timestamp":"2026-04-13 17:59:12"}
{"level":"info","message":"Server running on port 3245","service":"library-service","timestamp":"2026-04-13 17:59:16"}
{"level":"info","message":"Master Database connected successfully","service":"library-service","timestamp":"2026-04-13 17:59:18"}
{"level":"info","message":"Server running on port 3245","service":"library-service","timestamp":"2026-04-13 17:59:24"}
{"level":"info","message":"Master Database connected successfully","service":"library-service","timestamp":"2026-04-13 17:59:25"}
{"level":"info","message":"Server running on port 3245","service":"library-service","timestamp":"2026-04-13 17:59:29"}
{"level":"info","message":"Master Database connected successfully","service":"library-service","timestamp":"2026-04-13 17:59:30"}
{"level":"info","message":"Server running on port 3245","service":"library-service","timestamp":"2026-04-13 18:13:56"}
{"level":"info","message":"Master Database connected successfully","service":"library-service","timestamp":"2026-04-13 18:13:57"}
{"level":"info","message":"Server running on port 3245","service":"library-service","timestamp":"2026-04-13 18:13:59"}
{"level":"info","message":"Master Database connected successfully","service":"library-service","timestamp":"2026-04-13 18:14:00"}
{"level":"info","message":"Server running on port 3245","service":"library-service","timestamp":"2026-04-13 18:14:06"}
{"level":"info","message":"Master Database connected successfully","service":"library-service","timestamp":"2026-04-13 18:14:12"}
{"level":"info","message":"Server running on port 3245","service":"library-service","timestamp":"2026-04-13 18:14:16"}
{"level":"info","message":"Master Database connected successfully","service":"library-service","timestamp":"2026-04-13 18:14:19"}
{"level":"info","message":"Server running on port 3245","service":"library-service","timestamp":"2026-04-13 18:15:05"}
{"level":"info","message":"Master Database connected successfully","service":"library-service","timestamp":"2026-04-13 18:15:11"}
{"level":"info","message":"Server running on port 3245","service":"library-service","timestamp":"2026-04-13 18:15:30"}
{"level":"info","message":"Master Database connected successfully","service":"library-service","timestamp":"2026-04-13 18:15:31"}
{"level":"info","message":"Server running on port 3245","service":"library-service","timestamp":"2026-04-13 18:15:53"}
{"level":"info","message":"Master Database connected successfully","service":"library-service","timestamp":"2026-04-13 18:15:53"}
{"level":"info","message":"Server running on port 3245","service":"library-service","timestamp":"2026-04-13 18:16:08"}
{"level":"info","message":"Master Database connected successfully","service":"library-service","timestamp":"2026-04-13 18:16:13"}
{"level":"info","message":"Server running on port 3245","service":"library-service","timestamp":"2026-04-13 18:17:19"}
{"level":"info","message":"Master Database connected successfully","service":"library-service","timestamp":"2026-04-13 18:17:20"}
{"level":"info","message":"Server running on port 3245","service":"library-service","timestamp":"2026-04-13 18:17:28"}
{"level":"info","message":"Master Database connected successfully","service":"library-service","timestamp":"2026-04-13 18:17:29"}
{"level":"info","message":"Server running on port 3245","service":"library-service","timestamp":"2026-04-13 18:24:08"}
{"level":"info","message":"Master Database connected successfully","service":"library-service","timestamp":"2026-04-13 18:24:13"}
{"level":"info","message":"Server running on port 3245","service":"library-service","timestamp":"2026-04-13 18:24:19"}
{"level":"info","message":"Master Database connected successfully","service":"library-service","timestamp":"2026-04-13 18:24:20"}
{"level":"info","message":"Server running on port 3245","service":"library-service","timestamp":"2026-04-13 18:38:17"}
{"level":"info","message":"Master Database connected successfully","service":"library-service","timestamp":"2026-04-13 18:38:41"}
{"level":"info","message":"Server running on port 3245","service":"library-service","timestamp":"2026-04-13 18:48:47"}
{"level":"info","message":"Master Database connected successfully","service":"library-service","timestamp":"2026-04-13 18:48:48"}
{"level":"info","message":"Server running on port 3245","service":"library-service","timestamp":"2026-04-13 18:51:24"}
{"level":"info","message":"Master Database connected successfully","service":"library-service","timestamp":"2026-04-13 18:51:25"}
{"level":"info","message":"Server running on port 3245","service":"library-service","timestamp":"2026-04-13 18:51:52"}
{"level":"info","message":"Master Database connected successfully","service":"library-service","timestamp":"2026-04-13 18:51:53"}
{"level":"info","message":"Server running on port 3245","service":"library-service","timestamp":"2026-04-13 18:52:13"}
{"level":"info","message":"Master Database connected successfully","service":"library-service","timestamp":"2026-04-13 18:52:21"}
{"level":"info","message":"Server running on port 3245","service":"library-service","timestamp":"2026-04-13 18:52:53"}
{"level":"info","message":"Master Database connected successfully","service":"library-service","timestamp":"2026-04-13 18:52:54"}
{"level":"info","message":"Server running on port 3245","service":"library-service","timestamp":"2026-04-13 18:53:05"}
{"level":"info","message":"Master Database connected successfully","service":"library-service","timestamp":"2026-04-13 18:53:16"}
{"level":"info","message":"Server running on port 3245","service":"library-service","timestamp":"2026-04-13 19:02:51"}
{"level":"info","message":"Master Database connected successfully","service":"library-service","timestamp":"2026-04-13 19:02:52"}
{"level":"info","message":"Server running on port 3245","service":"library-service","timestamp":"2026-04-13 19:03:21"}
{"level":"info","message":"Master Database connected successfully","service":"library-service","timestamp":"2026-04-13 19:03:22"}
{"level":"info","message":"Server running on port 3245","service":"library-service","timestamp":"2026-04-13 19:04:21"}
{"level":"info","message":"Master Database connected successfully","service":"library-service","timestamp":"2026-04-13 19:04:22"}
{"level":"info","message":"Server running on port 3245","service":"library-service","timestamp":"2026-04-13 19:10:05"}
{"level":"info","message":"Server running on port 3245","service":"library-service","timestamp":"2026-04-13 19:10:09"}
{"level":"info","message":"Master Database connected successfully","service":"library-service","timestamp":"2026-04-13 19:10:20"}
{"level":"info","message":"Server running on port 3245","service":"library-service","timestamp":"2026-04-13 19:17:12"}
{"level":"info","message":"Master Database connected successfully","service":"library-service","timestamp":"2026-04-13 19:17:18"}
{"level":"info","message":"Server running on port 3245","service":"library-service","timestamp":"2026-04-13 19:18:54"}
{"level":"info","message":"Master Database connected successfully","service":"library-service","timestamp":"2026-04-13 19:18:55"}
{"level":"info","message":"Server running on port 3245","service":"library-service","timestamp":"2026-04-13 19:19:03"}
{"level":"info","message":"Master Database connected successfully","service":"library-service","timestamp":"2026-04-13 19:19:13"}
{"level":"info","message":"Server running on port 3245","service":"library-service","timestamp":"2026-04-13 19:26:58"}
{"level":"info","message":"Server running on port 3245","service":"library-service","timestamp":"2026-04-13 19:26:59"}
{"level":"info","message":"Master Database connected successfully","service":"library-service","timestamp":"2026-04-13 19:27:00"}
{"level":"info","message":"Server running on port 3245","service":"library-service","timestamp":"2026-04-13 19:36:03"}
{"level":"info","message":"Master Database connected successfully","service":"library-service","timestamp":"2026-04-13 19:36:14"}
{"level":"info","message":"Server running on port 3245","service":"library-service","timestamp":"2026-04-13 19:43:04"}
{"level":"info","message":"Master Database connected successfully","service":"library-service","timestamp":"2026-04-13 19:43:15"}
{"level":"info","message":"Server running on port 3245","service":"library-service","timestamp":"2026-04-13 19:43:57"}
{"level":"info","message":"Master Database connected successfully","service":"library-service","timestamp":"2026-04-13 19:43:58"}
{"level":"info","message":"Server running on port 3245","service":"library-service","timestamp":"2026-04-13 19:43:59"}
{"level":"info","message":"Master Database connected successfully","service":"library-service","timestamp":"2026-04-13 19:44:00"}
{"level":"info","message":"Server running on port 3245","service":"library-service","timestamp":"2026-04-13 19:44:19"}
{"level":"info","message":"Master Database connected successfully","service":"library-service","timestamp":"2026-04-13 19:44:21"}
{"level":"info","message":"Server running on port 3245","service":"library-service","timestamp":"2026-04-13 19:45:24"}
{"level":"info","message":"Master Database connected successfully","service":"library-service","timestamp":"2026-04-13 19:45:25"}
{"level":"info","message":"Server running on port 3245","service":"library-service","timestamp":"2026-04-13 19:45:26"}
{"level":"info","message":"Master Database connected successfully","service":"library-service","timestamp":"2026-04-13 19:45:27"}
{"level":"info","message":"Server running on port 3245","service":"library-service","timestamp":"2026-04-13 19:45:56"}
{"level":"info","message":"Master Database connected successfully","service":"library-service","timestamp":"2026-04-13 19:46:02"}
{"level":"error","message":"UNHANDLED REJECTION! Shutting down...","service":"library-service","timestamp":"2026-04-13 19:53:18"}
{"http_code":400,"level":"error","message":"Empty file","name":"Error","service":"library-service","timestamp":"2026-04-13 19:53:18"}
{"level":"info","message":"Server running on port 3245","service":"library-service","timestamp":"2026-04-13 19:53:52"}
{"level":"info","message":"Master Database connected successfully","service":"library-service","timestamp":"2026-04-13 19:53:53"}
{"level":"error","message":"UNHANDLED REJECTION! Shutting down...","service":"library-service","timestamp":"2026-04-13 19:54:19"}
{"http_code":400,"level":"error","message":"Empty file","name":"Error","service":"library-service","timestamp":"2026-04-13 19:54:19"}
{"level":"info","message":"Server running on port 3245","service":"library-service","timestamp":"2026-04-13 19:54:32"}
{"level":"info","message":"Master Database connected successfully","service":"library-service","timestamp":"2026-04-13 19:54:33"}
{"level":"info","message":"Server running on port 3245","service":"library-service","timestamp":"2026-04-13 19:56:01"}
{"level":"info","message":"Master Database connected successfully","service":"library-service","timestamp":"2026-04-13 19:56:07"}
{"level":"info","message":"Server running on port 3245","service":"library-service","timestamp":"2026-04-13 19:57:01"}
{"level":"info","message":"Server running on port 3245","service":"library-service","timestamp":"2026-04-13 19:57:05"}
{"level":"info","message":"Master Database connected successfully","service":"library-service","timestamp":"2026-04-13 19:57:13"}
{"level":"error","message":"UNHANDLED REJECTION! Shutting down...","service":"library-service","timestamp":"2026-04-13 19:57:22"}
{"http_code":400,"level":"error","message":"Empty file","name":"Error","service":"library-service","timestamp":"2026-04-13 19:57:22"}
{"level":"info","message":"Server running on port 3245","service":"library-service","timestamp":"2026-04-13 19:57:27"}
{"level":"info","message":"Master Database connected successfully","service":"library-service","timestamp":"2026-04-13 19:57:28"}
{"level":"error","message":"UNHANDLED REJECTION! Shutting down...","service":"library-service","timestamp":"2026-04-13 19:58:04"}
{"http_code":400,"level":"error","message":"Empty file","name":"Error","service":"library-service","timestamp":"2026-04-13 19:58:04"}
{"level":"info","message":"Server running on port 3245","service":"library-service","timestamp":"2026-04-13 19:58:07"}
{"level":"info","message":"Master Database connected successfully","service":"library-service","timestamp":"2026-04-13 19:58:17"}
{"level":"error","message":"UNHANDLED REJECTION! Shutting down...","service":"library-service","timestamp":"2026-04-13 19:58:21"}
{"http_code":400,"level":"error","message":"Empty file","name":"Error","service":"library-service","timestamp":"2026-04-13 19:58:21"}
{"level":"info","message":"Server running on port 3245","service":"library-service","timestamp":"2026-04-13 19:58:29"}
{"level":"info","message":"Master Database connected successfully","service":"library-service","timestamp":"2026-04-13 19:58:30"}
{"level":"info","message":"Server running on port 3245","service":"library-service","timestamp":"2026-04-13 19:58:32"}
{"level":"info","message":"Master Database connected successfully","service":"library-service","timestamp":"2026-04-13 19:58:33"}
{"level":"info","message":"Server running on port 3245","service":"library-service","timestamp":"2026-04-13 19:58:34"}
{"level":"info","message":"Server running on port 3245","service":"library-service","timestamp":"2026-04-13 19:58:36"}
{"level":"info","message":"Master Database connected successfully","service":"library-service","timestamp":"2026-04-13 19:58:37"}
{"level":"error","message":"UNHANDLED REJECTION! Shutting down...","service":"library-service","timestamp":"2026-04-13 19:58:50"}
{"http_code":400,"level":"error","message":"Empty file","name":"Error","service":"library-service","timestamp":"2026-04-13 19:58:50"}
{"level":"info","message":"Server running on port 3245","service":"library-service","timestamp":"2026-04-13 19:59:14"}
{"level":"info","message":"Server running on port 3245","service":"library-service","timestamp":"2026-04-13 19:59:18"}
{"level":"info","message":"Master Database connected successfully","service":"library-service","timestamp":"2026-04-13 19:59:20"}
{"level":"error","message":"UNHANDLED REJECTION! Shutting down...","service":"library-service","timestamp":"2026-04-13 19:59:59"}
{"http_code":400,"level":"error","message":"Empty file","name":"Error","service":"library-service","timestamp":"2026-04-13 19:59:59"}
{"level":"info","message":"Server running on port 3245","service":"library-service","timestamp":"2026-04-13 20:01:00"}
{"level":"info","message":"Master Database connected successfully","service":"library-service","timestamp":"2026-04-13 20:01:01"}
{"level":"error","message":"UNHANDLED REJECTION! Shutting down...","service":"library-service","timestamp":"2026-04-13 20:03:42"}
{"http_code":400,"level":"error","message":"Empty file","name":"Error","service":"library-service","timestamp":"2026-04-13 20:03:42"}
{"level":"info","message":"Server running on port 3245","service":"library-service","timestamp":"2026-04-13 20:05:54"}
{"level":"info","message":"Master Database connected successfully","service":"library-service","timestamp":"2026-04-13 20:05:54"}
{"level":"info","message":"Server running on port 3245","service":"library-service","timestamp":"2026-04-13 20:22:23"}
{"level":"info","message":"Master Database connected successfully","service":"library-service","timestamp":"2026-04-13 20:22:24"}
{"level":"info","message":"Server running on port 3245","service":"library-service","timestamp":"2026-04-13 20:22:55"}
{"level":"info","message":"Master Database connected successfully","service":"library-service","timestamp":"2026-04-13 20:22:56"}
{"level":"info","message":"Server running on port 3245","service":"library-service","timestamp":"2026-04-13 20:25:37"}
{"level":"info","message":"Master Database connected successfully","service":"library-service","timestamp":"2026-04-13 20:25:38"}
{"level":"info","message":"Server running on port 3245","service":"library-service","timestamp":"2026-04-13 20:26:14"}
{"level":"info","message":"Master Database connected successfully","service":"library-service","timestamp":"2026-04-13 20:26:18"}
{"level":"info","message":"Server running on port 3245","service":"library-service","timestamp":"2026-04-13 20:32:32"}
{"level":"info","message":"Master Database connected successfully","service":"library-service","timestamp":"2026-04-13 20:32:33"}
{"level":"info","message":"Server running on port 3245","service":"library-service","timestamp":"2026-04-13 20:33:39"}
{"level":"info","message":"Master Database connected successfully","service":"library-service","timestamp":"2026-04-13 20:33:40"}
{"level":"info","message":"Server running on port 3245","service":"library-service","timestamp":"2026-04-13 20:34:44"}
{"level":"info","message":"Master Database connected successfully","service":"library-service","timestamp":"2026-04-13 20:34:45"}
{"level":"info","message":"Server running on port 3245","service":"library-service","timestamp":"2026-04-13 20:34:48"}
{"level":"info","message":"Master Database connected successfully","service":"library-service","timestamp":"2026-04-13 20:34:48"}
{"level":"info","message":"Server running on port 3245","service":"library-service","timestamp":"2026-04-13 20:38:00"}
{"level":"info","message":"Master Database connected successfully","service":"library-service","timestamp":"2026-04-13 20:38:01"}
{"level":"info","message":"Server running on port 3245","service":"library-service","timestamp":"2026-04-13 20:40:07"}
{"level":"info","message":"Master Database connected successfully","service":"library-service","timestamp":"2026-04-13 20:40:18"}
{"level":"info","message":"Server running on port 3245","service":"library-service","timestamp":"2026-04-13 20:42:18"}
{"level":"info","message":"Master Database connected successfully","service":"library-service","timestamp":"2026-04-13 20:42:20"}
{"level":"info","message":"Server running on port 3245","service":"library-service","timestamp":"2026-04-13 21:13:00"}
{"level":"info","message":"Master Database connected successfully","service":"library-service","timestamp":"2026-04-13 21:13:01"}
